gcc: error: matrixMul.cu: No such file or directory
gcc: warning: '-x c++' after last input file has no effect
gcc: fatal error: no input files
compilation terminated.
/var/spool/slurmd/job12751/slurm_script: line 13: ./matrixMul: No such file or directory
gcc: error: matrixMul.cu: No such file or directory
gcc: warning: '-x c++' after last input file has no effect
gcc: fatal error: no input files
compilation terminated.
/var/spool/slurmd/job12751/slurm_script: line 13: ./matrixMul: No such file or directory
gcc: error: matrixMul.cu: No such file or directory
gcc: warning: '-x c++' after last input file has no effect
gcc: fatal error: no input files
compilation terminated.
/var/spool/slurmd/job12751/slurm_script: line 13: ./matrixMul: No such file or directory
gcc: error: matrixMul.cu: No such file or directory
gcc: warning: '-x c++' after last input file has no effect
gcc: fatal error: no input files
compilation terminated.
/var/spool/slurmd/job12751/slurm_script: line 13: ./matrixMul: No such file or directory
gcc: error: matrixMul.cu: No such file or directory
gcc: warning: '-x c++' after last input file has no effect
gcc: fatal error: no input files
compilation terminated.
/var/spool/slurmd/job12751/slurm_script: line 13: ./matrixMul: No such file or directory
gcc: error: matrixMul.cu: No such file or directory
gcc: warning: '-x c++' after last input file has no effect
gcc: fatal error: no input files
compilation terminated.
/var/spool/slurmd/job12751/slurm_script: line 13: ./matrixMul: No such file or directory
