     16384	  551.7241	16	41.656
     16384	  571.4286	32	41.870
     16384	  592.5926	64	41.821
     16384	  592.5926	128	42.108
     32768	 1022.9770	16	42.157
     32768	 1074.5016	32	42.288
     32768	 1122.8070	64	41.632
     32768	 1109.4258	128	42.014
     65536	 1631.8725	16	42.026
     65536	 2013.7661	32	41.902
     65536	 1858.4392	64	42.007
     65536	 2117.8903	128	41.978
    131072	 2989.7811	16	42.188
    131072	 3552.4717	32	42.254
    131072	 3893.5362	64	42.184
    131072	 3574.1710	128	42.091
    262144	 4641.3596	16	42.035
    262144	 5944.8475	32	41.995
    262144	 7135.8884	64	42.081
    262144	 7557.1957	128	41.979
    524288	 6059.1714	16	41.973
    524288	 8856.2162	32	42.023
    524288	10793.1486	64	42.003
    524288	11915.6364	128	42.003
   1024000	 7354.6314	16	42.047
   1024000	11666.0593	32	42.036
   1024000	16520.3927	64	42.028
   1024000	17003.1880	128	42.011
